++ date
+ echo '=== AWS Service Monitor Started: Wed Feb 18 18:55:34 UTC 2026 ==='
=== AWS Service Monitor Started: Wed Feb 18 18:55:34 UTC 2026 ===
++ date +%H:%M:%S
+ echo '📦 S3 Buckets (18:55:34):'
📦 S3 Buckets (18:55:34):
+ aws s3 ls
2025-12-03 18:07:40 judicial-files-bucket
2025-12-28 12:13:51 judicial-prod-frontend
2025-11-25 20:34:50 judicial-solution-frontend
2025-11-19 19:02:30 project02tinyflix
+ echo -e '\n☁️ EC2 Instances (Running):'

☁️ EC2 Instances (Running):
+ aws ec2 describe-instances --filters Name=instance-state-name,Values=running --query 'Reservations[].Instances[].[InstanceId,InstanceType,PrivateIpAddress,State.Name]' --output table
------------------------------------------------------------------
|                        DescribeInstances                       |
+----------------------+-----------+------------------+----------+
|  i-0218fdac3a4da3ad3 |  t3.micro |  172.31.161.150  |  running |
+----------------------+-----------+------------------+----------+
+ echo -e '\n⚡ Lambda Functions:'

⚡ Lambda Functions:
+ aws lambda list-functions --query 'Functions[].[FunctionName,Runtime,LastModified]' --output table
--------------------------------------------------------------------
|                           ListFunctions                          |
+-------------------+-------------+--------------------------------+
|  SubmitFormLambda |  python3.14 |  2025-12-28T17:57:42.000+0000  |
+-------------------+-------------+--------------------------------+
+ echo -e '\n🐳 ECS Services:'

🐳 ECS Services:
+ aws ecs list-clusters --query clusterArns --output text
+ read cluster
+ echo -e '\n🔑 AWS Identity:'

🔑 AWS Identity:
+ aws sts get-caller-identity --query Arn --output text
arn:aws:iam::625239230909:root
+ echo -e '\n✅ Monitoring complete. Log: aws_monitor_20260218_185534.log'

✅ Monitoring complete. Log: aws_monitor_20260218_185534.log
